./404.html
Traceback (most recent call last):
  File "adding_propeller_with_existing_gtag.py", line 33, in <module>
    updated_files.append(file_path)
NameError: name 'updated_files' is not defined
./404.html
./96a8dad60a69e6f28dc0c047510d6be3.html
./AboutUs.html
./Anime_List.html
./BataoHumey.html
./broly.html
./broly_2.html
./covid19_india.html
./google316d33e9fee26c48(1).html
./index.html
./movies.html
./page8.html
./another_world/1.html
./another_world/1_2.html
./another_world/2.html
./another_world/2_2.html
./another_world/3.html
./another_world/3_2.html
./another_world/index.html
./black_clover/1.html
./black_clover/10.html
./black_clover/10_2.html
./black_clover/11.html
./black_clover/11_2.html
./black_clover/12.html
./black_clover/12_2.html
./black_clover/13.html
./black_clover/13_2.html
./black_clover/14.html
./black_clover/14_2.html
./black_clover/15.html
./black_clover/15_2.html
./black_clover/16.html
./black_clover/16_2.html
./black_clover/17.html
./black_clover/17_2.html
./black_clover/1_2.html
./black_clover/2.html
./black_clover/20.html
./black_clover/20_2.html
./black_clover/21.html
./black_clover/21_2.html
./black_clover/22.html
./black_clover/22_2.html
./black_clover/23.html
./black_clover/23_2.html
./black_clover/24.html
./black_clover/24_2.html
./black_clover/2_2.html
./black_clover/3.html
./black_clover/3_2.html
./black_clover/4.html
./black_clover/4_2.html
./black_clover/5.html
./black_clover/5_2.html
./black_clover/6.html
./black_clover/6_2.html
./black_clover/7.html
./black_clover/7_2.html
./black_clover/8.html
./black_clover/8_2.html
./black_clover/9.html
./black_clover/9_2.html
./black_clover/index.html
./death note/1.html
./death note/1_2.html
./death note/2.html
./death note/2_2.html
./deathnote/1.html
./deathnote/1_2.html
./deathnote/2.html
./deathnote/2_2.html
./deathnote/3.html
./deathnote/3_2.html
./deathnote/4.html
./deathnote/4_2.html
./deathnote/5.html
./deathnote/5_2.html
./deathnote/index.html
./deathnote/page4.html
./demon_slayer_season_3/1.html
./demon_slayer_season_3/1_2.html
./demon_slayer_season_3/2.html
./demon_slayer_season_3/2_2.html
./demon_slayer_season_3/3.html
./demon_slayer_season_3/3_2.html
./demon_slayer_season_3/4.html
./demon_slayer_season_3/4_2.html
./demon_slayer_season_3/5.html
./demon_slayer_season_3/5_2.html
./demon_slayer_season_3/6.html
./demon_slayer_season_3/6_2.html
./demon_slayer_season_3/7.html
./demon_slayer_season_3/7_2.html
./demon_slayer_season_3/8.html
./demon_slayer_season_3/8_2.html
./demon_slayer_season_3/9.html
./demon_slayer_season_3/9_.html
./demon_slayer_season_3/9_2.html
./demon_slayer_season_3/index.html
./drstone/1.html
./drstone/10.html
./drstone/10_2.html
./drstone/11.html
./drstone/11_2.html
./drstone/12.html
./drstone/12_2.html
./drstone/13.html
./drstone/13_2.html
./drstone/14.html
./drstone/14_2.html
./drstone/15.html
./drstone/15_2.html
./drstone/16.html
./drstone/16_2.html
./drstone/17.html
./drstone/17_2.html
./drstone/18.html
./drstone/18_2.html
./drstone/19.html
./drstone/19_2.html
./drstone/1_2.html
./drstone/2.html
./drstone/20.html
./drstone/20_2.html
./drstone/21.html
./drstone/21_2.html
./drstone/22.html
./drstone/22_2.html
./drstone/23.html
./drstone/23_2.html
./drstone/24.html
./drstone/24_2.html
./drstone/2_2.html
./drstone/3.html
./drstone/3_2.html
./drstone/4.html
./drstone/4_2.html
./drstone/5.html
./drstone/5_2.html
./drstone/6.html
./drstone/6_2.html
./drstone/7.html
./drstone/7_2.html
./drstone/8.html
./drstone/8_2.html
./drstone/9.html
./drstone/9_2.html
./drstone/index.html
./erased/1.html
./erased/index.html
./erased/page1.html
./erased/page10.html
./erased/page11.html
./erased/page2.html
./erased/page3.html
./erased/page4.html
./erased/page5.html
./erased/page6.html
./erased/page7.html
./erased/page8.html
./erased/page9.html
./jujutsu_kaisen_hindi/1.html
./jujutsu_kaisen_hindi/10.html
./jujutsu_kaisen_hindi/10_2.html
./jujutsu_kaisen_hindi/11.html
./jujutsu_kaisen_hindi/11_2.html
./jujutsu_kaisen_hindi/12.html
./jujutsu_kaisen_hindi/12_2.html
./jujutsu_kaisen_hindi/13.html
./jujutsu_kaisen_hindi/13_2.html
./jujutsu_kaisen_hindi/14.html
./jujutsu_kaisen_hindi/14_2.html
./jujutsu_kaisen_hindi/1_2.html
./jujutsu_kaisen_hindi/2.html
./jujutsu_kaisen_hindi/2_2.html
./jujutsu_kaisen_hindi/3.html
./jujutsu_kaisen_hindi/3_2.html
./jujutsu_kaisen_hindi/4.html
./jujutsu_kaisen_hindi/4_2.html
./jujutsu_kaisen_hindi/5.html
./jujutsu_kaisen_hindi/5_2.html
./jujutsu_kaisen_hindi/6.html
./jujutsu_kaisen_hindi/6_2.html
./jujutsu_kaisen_hindi/7.html
./jujutsu_kaisen_hindi/7_2.html
./jujutsu_kaisen_hindi/8.html
./jujutsu_kaisen_hindi/8_2.html
./jujutsu_kaisen_hindi/9.html
./jujutsu_kaisen_hindi/9_2.html
./jujutsu_kaisen_hindi/index.html
./jujutsu_kaisen_hindi/page11.html
./kaiji/1.html
./kaiji/1_2.html
./kaiji/2.html
./kaiji/2_2.html
./kaiji/3.html
./kaiji/3_2.html
./kaiji/3_3.html
./kaiji/4.html
./kaiji/4_2.html
./kaiji/4_3.html
./kaiji/4_4.html
./kaiji/index.html
./mobpsycho100/1.html
./mobpsycho100/1_2.html
./mobpsycho100/2.html
./mobpsycho100/2_2.html
./mobpsycho100/3.html
./mobpsycho100/3_2.html
./mobpsycho100/4.html
./mobpsycho100/4_2.html
./mobpsycho100/index.html
./mobpsycho100/soon.html
./mvs/howl.html
./mvs/howl_2.html
./mvs/kimino.html
./mvs/kimino_2.html
./mvs/pancreas.html
./mvs/pancreas_2.html
./mvs/pancreas_3.html
./mvs/silent.html
./mvs/silent_2.html
./mvs/tgqltt_2.html
./mvs/tgwltt.html
./mvs/tgwltt_3.html
./mvs/witcher_nightmare_of_the_wolf_hindi_dubbed_movie.html
./mvs/witcher_nightmare_of_the_wolf_hindi_dubbed_movie_2.html
./mvs/witcher_nightmare_of_the_wolf_hindi_dubbed_movie_3.html
./mvs/wolf.html
./mvs/wolf_2.html
./mvs/wwy.html
./mvs/wwy_2.html
./mvs/wwy_3.html
./mvs/aot/1.html
./mvs/aot/1_2.html
./mvs/aot/2.html
./mvs/aot/2_2.html
./one_outs/1.html
./one_outs/1_2.html
./one_outs/1_3.html
./one_outs/1_4.html
./one_outs/2.html
./one_outs/2_2.html
./one_outs/2_3.html
./one_outs/2_4.html
./one_outs/2_5.html
./one_outs/index.html
./opm/1.html
./opm/1_2.html
./opm/2.html
./opm/2_2.html
./opm/3.html
./opm/3_2.html
./opm/4.html
./opm/4_2.html
./opm/5.html
./opm/5_2.html
./opm/6.html
./opm/6_2.html
./opm/index.html
./sac/1.html
./sac/1_2.html
./sac/2.html
./sac/2_2.html
./sac/3.html
./sac/3_2.html
./sac/4.html
./sac/4_2.html
./sac/5.html
./sac/5_2.html
./sac/6.html
./sac/6_2.html
./sac/7.html
./sac/7_2.html
./sac/index.html
./sao/1.html
./sao/1_2.html
./sao/2.html
./sao/2_2.html
./sao/3.html
./sao/3_2.html
./sao/index.html
./shingeki/1.html
./shingeki/1_2.html
./shingeki/2.html
./shingeki/2_2.html
./shingeki/3.html
./shingeki/3_2.html
./shingeki/4.html
./shingeki/4_2.html
./shingeki/5.html
./shingeki/5_2.html
./shingeki/6.html
./shingeki/6_2.html
./shingeki/7.html
./shingeki/7_2.html
./shingeki/7_3.html
./shingeki/8.html
./shingeki/8_2.html
./shingeki/8_3.html
./shingeki/index.html
./shingeki4/1.html
./shingeki4/1_2.html
./shingeki4/index.html
./The_Promised_Neverland/1.html
./The_Promised_Neverland/10.html
./The_Promised_Neverland/10_2.html
./The_Promised_Neverland/11.html
./The_Promised_Neverland/11_2.html
./The_Promised_Neverland/12.html
./The_Promised_Neverland/12_2.html
./The_Promised_Neverland/1_2.html
./The_Promised_Neverland/2.html
./The_Promised_Neverland/2_2.html
./The_Promised_Neverland/2_23.html
./The_Promised_Neverland/3.html
./The_Promised_Neverland/3_2.html
./The_Promised_Neverland/4.html
./The_Promised_Neverland/4_2.html
./The_Promised_Neverland/5.html
./The_Promised_Neverland/5_2.html
./The_Promised_Neverland/6.html
./The_Promised_Neverland/6_2.html
./The_Promised_Neverland/7.html
./The_Promised_Neverland/7_2.html
./The_Promised_Neverland/8.html
./The_Promised_Neverland/8_2.html
./The_Promised_Neverland/9.html
./The_Promised_Neverland/9_2.html
./The_Promised_Neverland/index.html
./the_rising_of_the_shield_hero/1.html
./the_rising_of_the_shield_hero/10.html
./the_rising_of_the_shield_hero/10_2.html
./the_rising_of_the_shield_hero/11.html
./the_rising_of_the_shield_hero/11_2.html
./the_rising_of_the_shield_hero/12.html
./the_rising_of_the_shield_hero/12_2.html
./the_rising_of_the_shield_hero/13.html
./the_rising_of_the_shield_hero/13_2.html
./the_rising_of_the_shield_hero/14.html
./the_rising_of_the_shield_hero/14_2.html
./the_rising_of_the_shield_hero/15.html
./the_rising_of_the_shield_hero/15_2.html
./the_rising_of_the_shield_hero/1_2.html
./the_rising_of_the_shield_hero/2.html
./the_rising_of_the_shield_hero/2_2.html
./the_rising_of_the_shield_hero/3.html
./the_rising_of_the_shield_hero/3_2.html
./the_rising_of_the_shield_hero/4.html
./the_rising_of_the_shield_hero/4_2.html
./the_rising_of_the_shield_hero/5.html
./the_rising_of_the_shield_hero/5_2.html
./the_rising_of_the_shield_hero/6.html
./the_rising_of_the_shield_hero/6_2.html
./the_rising_of_the_shield_hero/7.html
./the_rising_of_the_shield_hero/7_2.html
./the_rising_of_the_shield_hero/8.html
./the_rising_of_the_shield_hero/8_2.html
./the_rising_of_the_shield_hero/9.html
./the_rising_of_the_shield_hero/9_2.html
./the_rising_of_the_shield_hero/index.html
./tokyoghoul/1.html
./tokyoghoul/10.html
./tokyoghoul/10_2.html
./tokyoghoul/11.html
./tokyoghoul/11_2.html
./tokyoghoul/12.html
./tokyoghoul/12_2.html
./tokyoghoul/1_2.html
./tokyoghoul/2.html
./tokyoghoul/2_2.html
./tokyoghoul/3.html
./tokyoghoul/3_2.html
./tokyoghoul/4.html
./tokyoghoul/4_2.html
./tokyoghoul/5.html
./tokyoghoul/5_2.html
./tokyoghoul/6.html
./tokyoghoul/6_2.html
./tokyoghoul/7.html
./tokyoghoul/7_2.html
./tokyoghoul/8.html
./tokyoghoul/8_2.html
./tokyoghoul/9.html
./tokyoghoul/9_2.html
./tokyoghoul/index.html
./vinland/1.html
./vinland/1_2.html
./vinland/2.html
./vinland/2_2.html
./vinland/3.html
./vinland/3_2.html
./vinland/index.html
Updated files:
./404.html
./96a8dad60a69e6f28dc0c047510d6be3.html
./AboutUs.html
./Anime_List.html
./BataoHumey.html
./broly.html
./broly_2.html
./covid19_india.html
./google316d33e9fee26c48(1).html
./index.html
./movies.html
./page8.html
./another_world/1.html
./another_world/1_2.html
./another_world/2.html
./another_world/2_2.html
./another_world/3.html
./another_world/3_2.html
./another_world/index.html
./black_clover/1.html
./black_clover/10.html
./black_clover/10_2.html
./black_clover/11.html
./black_clover/11_2.html
./black_clover/12.html
./black_clover/12_2.html
./black_clover/13.html
./black_clover/13_2.html
./black_clover/14.html
./black_clover/14_2.html
./black_clover/15.html
./black_clover/15_2.html
./black_clover/16.html
./black_clover/16_2.html
./black_clover/17.html
./black_clover/17_2.html
./black_clover/1_2.html
./black_clover/2.html
./black_clover/20.html
./black_clover/20_2.html
./black_clover/21.html
./black_clover/21_2.html
./black_clover/22.html
./black_clover/22_2.html
./black_clover/23.html
./black_clover/23_2.html
./black_clover/24.html
./black_clover/24_2.html
./black_clover/2_2.html
./black_clover/3.html
./black_clover/3_2.html
./black_clover/4.html
./black_clover/4_2.html
./black_clover/5.html
./black_clover/5_2.html
./black_clover/6.html
./black_clover/6_2.html
./black_clover/7.html
./black_clover/7_2.html
./black_clover/8.html
./black_clover/8_2.html
./black_clover/9.html
./black_clover/9_2.html
./black_clover/index.html
./death note/1.html
./death note/1_2.html
./death note/2.html
./death note/2_2.html
./deathnote/1.html
./deathnote/1_2.html
./deathnote/2.html
./deathnote/2_2.html
./deathnote/3.html
./deathnote/3_2.html
./deathnote/4.html
./deathnote/4_2.html
./deathnote/5.html
./deathnote/5_2.html
./deathnote/index.html
./deathnote/page4.html
./demon_slayer_season_3/1.html
./demon_slayer_season_3/1_2.html
./demon_slayer_season_3/2.html
./demon_slayer_season_3/2_2.html
./demon_slayer_season_3/3.html
./demon_slayer_season_3/3_2.html
./demon_slayer_season_3/4.html
./demon_slayer_season_3/4_2.html
./demon_slayer_season_3/5.html
./demon_slayer_season_3/5_2.html
./demon_slayer_season_3/6.html
./demon_slayer_season_3/6_2.html
./demon_slayer_season_3/7.html
./demon_slayer_season_3/7_2.html
./demon_slayer_season_3/8.html
./demon_slayer_season_3/8_2.html
./demon_slayer_season_3/9.html
./demon_slayer_season_3/9_.html
./demon_slayer_season_3/9_2.html
./demon_slayer_season_3/index.html
./drstone/1.html
./drstone/10.html
./drstone/10_2.html
./drstone/11.html
./drstone/11_2.html
./drstone/12.html
./drstone/12_2.html
./drstone/13.html
./drstone/13_2.html
./drstone/14.html
./drstone/14_2.html
./drstone/15.html
./drstone/15_2.html
./drstone/16.html
./drstone/16_2.html
./drstone/17.html
./drstone/17_2.html
./drstone/18.html
./drstone/18_2.html
./drstone/19.html
./drstone/19_2.html
./drstone/1_2.html
./drstone/2.html
./drstone/20.html
./drstone/20_2.html
./drstone/21.html
./drstone/21_2.html
./drstone/22.html
./drstone/22_2.html
./drstone/23.html
./drstone/23_2.html
./drstone/24.html
./drstone/24_2.html
./drstone/2_2.html
./drstone/3.html
./drstone/3_2.html
./drstone/4.html
./drstone/4_2.html
./drstone/5.html
./drstone/5_2.html
./drstone/6.html
./drstone/6_2.html
./drstone/7.html
./drstone/7_2.html
./drstone/8.html
./drstone/8_2.html
./drstone/9.html
./drstone/9_2.html
./drstone/index.html
./erased/1.html
./erased/index.html
./erased/page1.html
./erased/page10.html
./erased/page11.html
./erased/page2.html
./erased/page3.html
./erased/page4.html
./erased/page5.html
./erased/page6.html
./erased/page7.html
./erased/page8.html
./erased/page9.html
./jujutsu_kaisen_hindi/1.html
./jujutsu_kaisen_hindi/10.html
./jujutsu_kaisen_hindi/10_2.html
./jujutsu_kaisen_hindi/11.html
./jujutsu_kaisen_hindi/11_2.html
./jujutsu_kaisen_hindi/12.html
./jujutsu_kaisen_hindi/12_2.html
./jujutsu_kaisen_hindi/13.html
./jujutsu_kaisen_hindi/13_2.html
./jujutsu_kaisen_hindi/14.html
./jujutsu_kaisen_hindi/14_2.html
./jujutsu_kaisen_hindi/1_2.html
./jujutsu_kaisen_hindi/2.html
./jujutsu_kaisen_hindi/2_2.html
./jujutsu_kaisen_hindi/3.html
./jujutsu_kaisen_hindi/3_2.html
./jujutsu_kaisen_hindi/4.html
./jujutsu_kaisen_hindi/4_2.html
./jujutsu_kaisen_hindi/5.html
./jujutsu_kaisen_hindi/5_2.html
./jujutsu_kaisen_hindi/6.html
./jujutsu_kaisen_hindi/6_2.html
./jujutsu_kaisen_hindi/7.html
./jujutsu_kaisen_hindi/7_2.html
./jujutsu_kaisen_hindi/8.html
./jujutsu_kaisen_hindi/8_2.html
./jujutsu_kaisen_hindi/9.html
./jujutsu_kaisen_hindi/9_2.html
./jujutsu_kaisen_hindi/index.html
./jujutsu_kaisen_hindi/page11.html
./kaiji/1.html
./kaiji/1_2.html
./kaiji/2.html
./kaiji/2_2.html
./kaiji/3.html
./kaiji/3_2.html
./kaiji/3_3.html
./kaiji/4.html
./kaiji/4_2.html
./kaiji/4_3.html
./kaiji/4_4.html
./kaiji/index.html
./mobpsycho100/1.html
./mobpsycho100/1_2.html
./mobpsycho100/2.html
./mobpsycho100/2_2.html
./mobpsycho100/3.html
./mobpsycho100/3_2.html
./mobpsycho100/4.html
./mobpsycho100/4_2.html
./mobpsycho100/index.html
./mobpsycho100/soon.html
./mvs/howl.html
./mvs/howl_2.html
./mvs/kimino.html
./mvs/kimino_2.html
./mvs/pancreas.html
./mvs/pancreas_2.html
./mvs/pancreas_3.html
./mvs/silent.html
./mvs/silent_2.html
./mvs/tgqltt_2.html
./mvs/tgwltt.html
./mvs/tgwltt_3.html
./mvs/witcher_nightmare_of_the_wolf_hindi_dubbed_movie.html
./mvs/witcher_nightmare_of_the_wolf_hindi_dubbed_movie_2.html
./mvs/witcher_nightmare_of_the_wolf_hindi_dubbed_movie_3.html
./mvs/wolf.html
./mvs/wolf_2.html
./mvs/wwy.html
./mvs/wwy_2.html
./mvs/wwy_3.html
./mvs/aot/1.html
./mvs/aot/1_2.html
./mvs/aot/2.html
./mvs/aot/2_2.html
./one_outs/1.html
./one_outs/1_2.html
./one_outs/1_3.html
./one_outs/1_4.html
./one_outs/2.html
./one_outs/2_2.html
./one_outs/2_3.html
./one_outs/2_4.html
./one_outs/2_5.html
./one_outs/index.html
./opm/1.html
./opm/1_2.html
./opm/2.html
./opm/2_2.html
./opm/3.html
./opm/3_2.html
./opm/4.html
./opm/4_2.html
./opm/5.html
./opm/5_2.html
./opm/6.html
./opm/6_2.html
./opm/index.html
./sac/1.html
./sac/1_2.html
./sac/2.html
./sac/2_2.html
./sac/3.html
./sac/3_2.html
./sac/4.html
./sac/4_2.html
./sac/5.html
./sac/5_2.html
./sac/6.html
./sac/6_2.html
./sac/7.html
./sac/7_2.html
./sac/index.html
./sao/1.html
./sao/1_2.html
./sao/2.html
./sao/2_2.html
./sao/3.html
./sao/3_2.html
./sao/index.html
./shingeki/1.html
./shingeki/1_2.html
./shingeki/2.html
./shingeki/2_2.html
./shingeki/3.html
./shingeki/3_2.html
./shingeki/4.html
./shingeki/4_2.html
./shingeki/5.html
./shingeki/5_2.html
./shingeki/6.html
./shingeki/6_2.html
./shingeki/7.html
./shingeki/7_2.html
./shingeki/7_3.html
./shingeki/8.html
./shingeki/8_2.html
./shingeki/8_3.html
./shingeki/index.html
./shingeki4/1.html
./shingeki4/1_2.html
./shingeki4/index.html
./The_Promised_Neverland/1.html
./The_Promised_Neverland/10.html
./The_Promised_Neverland/10_2.html
./The_Promised_Neverland/11.html
./The_Promised_Neverland/11_2.html
./The_Promised_Neverland/12.html
./The_Promised_Neverland/12_2.html
./The_Promised_Neverland/1_2.html
./The_Promised_Neverland/2.html
./The_Promised_Neverland/2_2.html
./The_Promised_Neverland/2_23.html
./The_Promised_Neverland/3.html
./The_Promised_Neverland/3_2.html
./The_Promised_Neverland/4.html
./The_Promised_Neverland/4_2.html
./The_Promised_Neverland/5.html
./The_Promised_Neverland/5_2.html
./The_Promised_Neverland/6.html
./The_Promised_Neverland/6_2.html
./The_Promised_Neverland/7.html
./The_Promised_Neverland/7_2.html
./The_Promised_Neverland/8.html
./The_Promised_Neverland/8_2.html
./The_Promised_Neverland/9.html
./The_Promised_Neverland/9_2.html
./The_Promised_Neverland/index.html
./the_rising_of_the_shield_hero/1.html
./the_rising_of_the_shield_hero/10.html
./the_rising_of_the_shield_hero/10_2.html
./the_rising_of_the_shield_hero/11.html
./the_rising_of_the_shield_hero/11_2.html
./the_rising_of_the_shield_hero/12.html
./the_rising_of_the_shield_hero/12_2.html
./the_rising_of_the_shield_hero/13.html
./the_rising_of_the_shield_hero/13_2.html
./the_rising_of_the_shield_hero/14.html
./the_rising_of_the_shield_hero/14_2.html
./the_rising_of_the_shield_hero/15.html
./the_rising_of_the_shield_hero/15_2.html
./the_rising_of_the_shield_hero/1_2.html
./the_rising_of_the_shield_hero/2.html
./the_rising_of_the_shield_hero/2_2.html
./the_rising_of_the_shield_hero/3.html
./the_rising_of_the_shield_hero/3_2.html
./the_rising_of_the_shield_hero/4.html
./the_rising_of_the_shield_hero/4_2.html
./the_rising_of_the_shield_hero/5.html
./the_rising_of_the_shield_hero/5_2.html
./the_rising_of_the_shield_hero/6.html
./the_rising_of_the_shield_hero/6_2.html
./the_rising_of_the_shield_hero/7.html
./the_rising_of_the_shield_hero/7_2.html
./the_rising_of_the_shield_hero/8.html
./the_rising_of_the_shield_hero/8_2.html
./the_rising_of_the_shield_hero/9.html
./the_rising_of_the_shield_hero/9_2.html
./the_rising_of_the_shield_hero/index.html
./tokyoghoul/1.html
./tokyoghoul/10.html
./tokyoghoul/10_2.html
./tokyoghoul/11.html
./tokyoghoul/11_2.html
./tokyoghoul/12.html
./tokyoghoul/12_2.html
./tokyoghoul/1_2.html
./tokyoghoul/2.html
./tokyoghoul/2_2.html
./tokyoghoul/3.html
./tokyoghoul/3_2.html
./tokyoghoul/4.html
./tokyoghoul/4_2.html
./tokyoghoul/5.html
./tokyoghoul/5_2.html
./tokyoghoul/6.html
./tokyoghoul/6_2.html
./tokyoghoul/7.html
./tokyoghoul/7_2.html
./tokyoghoul/8.html
./tokyoghoul/8_2.html
./tokyoghoul/9.html
./tokyoghoul/9_2.html
./tokyoghoul/index.html
./vinland/1.html
./vinland/1_2.html
./vinland/2.html
./vinland/2_2.html
./vinland/3.html
./vinland/3_2.html
./vinland/index.html
Replacement completed.
